\BOOKMARK [1][-]{section.1}{\376\377\000G\000e\000t\000t\000i\000n\000g\000\040\000S\000t\000a\000r\000t\000e\000d}{}% 1
\BOOKMARK [2][-]{subsection.1.1}{\376\377\000L\000o\000g\000g\000i\000n\000g\000\040\000I\000n}{section.1}% 2
\BOOKMARK [2][-]{subsection.1.2}{\376\377\000U\000s\000e\000r\000\040\000R\000o\000l\000e\000s}{section.1}% 3
\BOOKMARK [1][-]{section.2}{\376\377\000M\000a\000n\000a\000g\000i\000n\000g\000\040\000O\000u\000t\000p\000u\000t\000s}{}% 4
\BOOKMARK [2][-]{subsection.2.1}{\376\377\000A\000d\000d\000i\000n\000g\000\040\000a\000n\000\040\000O\000u\000t\000p\000u\000t}{section.2}% 5
\BOOKMARK [2][-]{subsection.2.2}{\376\377\000P\000u\000b\000l\000i\000c\000a\000t\000i\000o\000n\000\040\000T\000y\000p\000e\000s}{section.2}% 6
\BOOKMARK [1][-]{section.3}{\376\377\000D\000O\000I\000\040\000A\000u\000t\000o\000-\000F\000e\000t\000c\000h\000\040\000\050\000N\000e\000w\000\040\000i\000n\000\040\000v\0004\000.\0000\000\051}{}% 7
\BOOKMARK [2][-]{subsection.3.1}{\376\377\000U\000s\000i\000n\000g\000\040\000D\000O\000I\000\040\000A\000u\000t\000o\000-\000F\000e\000t\000c\000h}{section.3}% 8
\BOOKMARK [2][-]{subsection.3.2}{\376\377\000S\000u\000p\000p\000o\000r\000t\000e\000d\000\040\000D\000O\000I\000\040\000F\000o\000r\000m\000a\000t\000s}{section.3}% 9
\BOOKMARK [1][-]{section.4}{\376\377\000O\000/\000S\000/\000R\000\040\000Q\000u\000a\000l\000i\000t\000y\000\040\000R\000a\000t\000i\000n\000g\000s\000\040\000\050\000N\000e\000w\000\040\000i\000n\000\040\000v\0004\000.\0000\000\051}{}% 10
\BOOKMARK [2][-]{subsection.4.1}{\376\377\000R\000a\000t\000i\000n\000g\000\040\000C\000o\000m\000p\000o\000n\000e\000n\000t\000s}{section.4}% 11
\BOOKMARK [2][-]{subsection.4.2}{\376\377\000R\000a\000t\000i\000n\000g\000\040\000S\000c\000a\000l\000e}{section.4}% 12
\BOOKMARK [2][-]{subsection.4.3}{\376\377\000R\000a\000t\000i\000n\000g\000\040\000S\000o\000u\000r\000c\000e\000s}{section.4}% 13
\BOOKMARK [2][-]{subsection.4.4}{\376\377\000E\000n\000t\000e\000r\000i\000n\000g\000\040\000R\000a\000t\000i\000n\000g\000s}{section.4}% 14
\BOOKMARK [1][-]{section.5}{\376\377\000O\000p\000e\000n\000\040\000A\000c\000c\000e\000s\000s\000\040\000C\000o\000m\000p\000l\000i\000a\000n\000c\000e\000\040\000\050\000N\000e\000w\000\040\000i\000n\000\040\000v\0004\000.\0000\000\051}{}% 15
\BOOKMARK [2][-]{subsection.5.1}{\376\377\000O\000A\000\040\000S\000t\000a\000t\000u\000s\000\040\000T\000y\000p\000e\000s}{section.5}% 16
\BOOKMARK [2][-]{subsection.5.2}{\376\377\000C\000o\000m\000p\000l\000i\000a\000n\000c\000e\000\040\000D\000a\000t\000e\000s}{section.5}% 17
\BOOKMARK [2][-]{subsection.5.3}{\376\377\0003\000-\000M\000o\000n\000t\000h\000\040\000D\000e\000p\000o\000s\000i\000t\000\040\000R\000u\000l\000e}{section.5}% 18
\BOOKMARK [1][-]{section.6}{\376\377\000R\000E\000F\000\040\000N\000a\000r\000r\000a\000t\000i\000v\000e\000\040\000S\000t\000a\000t\000e\000m\000e\000n\000t\000s\000\040\000\050\000N\000e\000w\000\040\000i\000n\000\040\000v\0004\000.\0000\000\051}{}% 19
\BOOKMARK [2][-]{subsection.6.1}{\376\377\000D\000o\000u\000b\000l\000e\000-\000W\000e\000i\000g\000h\000t\000i\000n\000g\000\040\000S\000t\000a\000t\000e\000m\000e\000n\000t}{section.6}% 20
\BOOKMARK [2][-]{subsection.6.2}{\376\377\000I\000n\000t\000e\000r\000d\000i\000s\000c\000i\000p\000l\000i\000n\000a\000r\000y\000\040\000S\000t\000a\000t\000e\000m\000e\000n\000t}{section.6}% 21
\BOOKMARK [1][-]{section.7}{\376\377\000B\000u\000l\000k\000\040\000I\000m\000p\000o\000r\000t\000\040\000\050\000N\000e\000w\000\040\000i\000n\000\040\000v\0004\000.\0000\000\051}{}% 22
\BOOKMARK [2][-]{subsection.7.1}{\376\377\000I\000m\000p\000o\000r\000t\000\040\000M\000o\000d\000e\000s}{section.7}% 23
\BOOKMARK [2][-]{subsection.7.2}{\376\377\000R\000u\000n\000n\000i\000n\000g\000\040\000a\000n\000\040\000I\000m\000p\000o\000r\000t}{section.7}% 24
\BOOKMARK [1][-]{section.8}{\376\377\000R\000i\000s\000k\000\040\000A\000s\000s\000e\000s\000s\000m\000e\000n\000t}{}% 25
\BOOKMARK [2][-]{subsection.8.1}{\376\377\000R\000i\000s\000k\000\040\000L\000e\000v\000e\000l\000s}{section.8}% 26
\BOOKMARK [1][-]{section.9}{\376\377\000G\000e\000t\000t\000i\000n\000g\000\040\000H\000e\000l\000p}{}% 27
